<?xml version="1.0" encoding="UTF-8"?>
<testng-results ignored="0" total="1" passed="1" failed="0" skipped="0">
  <reporter-output>
  </reporter-output>
  <suite started-at="2023-02-04T14:54:57 GMT" name="Default suite" finished-at="2023-02-04T14:55:08 GMT" duration-ms="11195">
    <groups>
    </groups>
    <test started-at="2023-02-04T14:54:57 GMT" name="Default test" finished-at="2023-02-04T14:55:08 GMT" duration-ms="11195">
      <class name="com.authentise.calculator.testcases.TestcaseTwo">
        <test-method is-config="true" signature="setUp()[pri:0, instance:com.authentise.calculator.testcases.TestcaseTwo@1151e434]" started-at="2023-02-04T14:54:57 GMT" name="setUp" finished-at="2023-02-04T14:55:06 GMT" duration-ms="8691" status="PASS">
          <reporter-output>
          </reporter-output>
        </test-method> <!-- setUp -->
        <test-method signature="weightConversionTest()[pri:0, instance:com.authentise.calculator.testcases.TestcaseTwo@1151e434]" started-at="2023-02-04T14:55:06 GMT" name="weightConversionTest" finished-at="2023-02-04T14:55:08 GMT" duration-ms="1738" status="PASS">
          <reporter-output>
          </reporter-output>
        </test-method> <!-- weightConversionTest -->
        <test-method is-config="true" signature="teardownTest()[pri:0, instance:com.authentise.calculator.testcases.TestcaseTwo@1151e434]" started-at="2023-02-04T14:55:08 GMT" name="teardownTest" finished-at="2023-02-04T14:55:08 GMT" duration-ms="644" status="PASS">
          <reporter-output>
          </reporter-output>
        </test-method> <!-- teardownTest -->
      </class> <!-- com.authentise.calculator.testcases.TestcaseTwo -->
    </test> <!-- Default test -->
  </suite> <!-- Default suite -->
</testng-results>
